#
# There is insufficient memory for the Java Runtime Environment to continue.
# Native memory allocation (malloc) failed to allocate 969776 bytes for Chunk::new
# Possible reasons:
#   The system is out of physical RAM or swap space
#   The process is running with CompressedOops enabled, and the Java Heap may be blocking the growth of the native heap
# Possible solutions:
#   Reduce memory load on the system
#   Increase physical memory or swap space
#   Check if swap backing store is full
#   Decrease Java heap size (-Xmx/-Xms)
#   Decrease number of Java threads
#   Decrease Java thread stack sizes (-Xss)
#   Set larger code cache with -XX:ReservedCodeCacheSize=
#   JVM is running with Unscaled Compressed Oops mode in which the Java heap is
#     placed in the first 4GB address space. The Java Heap base address is the
#     maximum limit for the native heap growth. Please use -XX:HeapBaseMinAddress
#     to set the Java Heap base and to place the Java Heap above 4GB virtual address.
# This output file may be truncated or incomplete.
#
#  Out of Memory Error (allocation.cpp:390), pid=7272, tid=0x00000000000056c8
#
# JRE version: Java(TM) SE Runtime Environment (8.0_201-b09) (build 1.8.0_201-b09)
# Java VM: Java HotSpot(TM) 64-Bit Server VM (25.201-b09 mixed mode windows-amd64 compressed oops)
# Failed to write core dump. Minidumps are not enabled by default on client versions of Windows
#

---------------  T H R E A D  ---------------

Current thread (0x000000001928c000):  JavaThread "C2 CompilerThread0" daemon [_thread_in_native, id=22216, stack(0x0000000019880000,0x0000000019980000)]

Stack: [0x0000000019880000,0x0000000019980000]
[error occurred during error reporting (printing stack bounds), id 0xc0000005]

Native frames: (J=compiled Java code, j=interpreted, Vv=VM code, C=native code)


Current CompileTask:
C2:    486  362       4       java.io.WinNTFileSystem::normalize (143 bytes)


---------------  P R O C E S S  ---------------

Java Threads: ( => current thread )
  0x0000000019363800 JavaThread "Service Thread" daemon [_thread_blocked, id=4456, stack(0x0000000019b80000,0x0000000019c80000)]
  0x00000000192da800 JavaThread "C1 CompilerThread2" daemon [_thread_in_native, id=19104, stack(0x0000000019a80000,0x0000000019b80000)]
  0x0000000019291800 JavaThread "C2 CompilerThread1" daemon [_thread_blocked, id=19436, stack(0x0000000019980000,0x0000000019a80000)]
=>0x000000001928c000 JavaThread "C2 CompilerThread0" daemon [_thread_in_native, id=22216, stack(0x0000000019880000,0x0000000019980000)]
  0x0000000019288800 JavaThread "Attach Listener" daemon [_thread_blocked, id=11184, stack(0x0000000019780000,0x0000000019880000)]
  0x00000000192d6800 JavaThread "Signal Dispatcher" daemon [_thread_blocked, id=20928, stack(0x0000000019680000,0x0000000019780000)]
  0x0000000002aec000 JavaThread "Finalizer" daemon [_thread_blocked, id=17744, stack(0x0000000019120000,0x0000000019220000)]
  0x0000000002ae9000 JavaThread "Reference Handler" daemon [_thread_blocked, id=7876, stack(0x0000000019020000,0x0000000019120000)]
  0x00000000029f5800 JavaThread "main" [_thread_in_vm, id=4148, stack(0x00000000028f0000,0x00000000029f0000)]

Other Threads:
  0x0000000017858000 VMThread [stack: 0x0000000018f20000,0x0000000019020000] [id=13780]
  0x000000001939a800 WatcherThread [stack: 0x0000000019c80000,0x0000000019d80000] [id=12372]

VM state:not at safepoint (normal execution)

VM Mutex/Monitor currently owned by a thread: None

heap address: 0x0000000081600000, size: 2026 MB, Compressed Oops mode: 32-bit
Narrow klass base: 0x0000000000000000, Narrow klass shift: 3
Compressed class space size: 1073741824 Address: 0x0000000100000000

Heap:
 PSYoungGen      total 38400K, used 4812K [0x00000000d5d00000, 0x00000000d8780000, 0x0000000100000000)
  eden space 33280K, 14% used [0x00000000d5d00000,0x00000000d61b32b8,0x00000000d7d80000)
  from space 5120K, 0% used [0x00000000d7d80000,0x00000000d7d80000,0x00000000d8280000)
  to   space 5120K, 0% used [0x00000000d8280000,0x00000000d8280000,0x00000000d8780000)
 ParOldGen       total 61952K, used 2999K [0x0000000081600000, 0x0000000085280000, 0x00000000d5d00000)
  object space 61952K, 4% used [0x0000000081600000,0x00000000818ede20,0x0000000085280000)
 Metaspace       used 6663K, capacity 6882K, committed 7040K, reserved 1058816K
  class space    used 779K, capacity 823K, committed 896K, reserved 1048576K

Card table byte_map: [0x0000000011eb0000,0x00000000122b0000] byte_map_base: 0x0000000011aa5000

Marking Bits: (ParMarkBitMap*) 0x000000005e234ce0
 Begin Bits: [0x0000000012b60000, 0x0000000014b08000)
 End Bits:   [0x0000000014b08000, 0x0000000016ab0000)

Polling page: 0x0000000002420000

CodeCache: size=245760Kb used=2479Kb max_used=2479Kb free=243280Kb
 bounds [0x0000000002af0000, 0x0000000002d60000, 0x0000000011af0000]
 total_blobs=798 nmethods=513 adapters=198
 compilation: enabled

Compilation events (10 events):
Event: 0.437 Thread 0x00000000192da800  451       3       sun.net.www.protocol.file.Handler::hostsEqual (69 bytes)
Event: 0.437 Thread 0x00000000192da800 nmethod 451 0x0000000002d3e190 code [0x0000000002d3e340, 0x0000000002d3eaa8]
Event: 0.437 Thread 0x00000000192da800  452       3       org.springframework.util.Assert::notNull (14 bytes)
Event: 0.437 Thread 0x00000000192da800 nmethod 452 0x0000000002d38090 code [0x0000000002d38200, 0x0000000002d38428]
Event: 0.438 Thread 0x0000000019291800  453   !   4       sun.reflect.generics.parser.SignatureParser::current (40 bytes)
Event: 0.438 Thread 0x0000000019291800 nmethod 453 0x0000000002d31ed0 code [0x0000000002d32000, 0x0000000002d32098]
Event: 0.438 Thread 0x00000000192da800  454       3       java.lang.Class::getGenericInfo (52 bytes)
Event: 0.439 Thread 0x00000000192da800 nmethod 454 0x0000000002d3fe50 code [0x0000000002d400a0, 0x0000000002d40d88]
Event: 0.439 Thread 0x00000000192da800  455       3       sun.reflect.generics.parser.SignatureParser::parseIdentifier (115 bytes)
Event: 0.439 Thread 0x00000000192da800 nmethod 455 0x0000000002d418d0 code [0x0000000002d41b40, 0x0000000002d42a08]

GC Heap History (3 events):
Event: 0.440 GC heap before
{Heap before GC invocations=1 (full 0):
 PSYoungGen      total 38400K, used 25190K [0x00000000d5d00000, 0x00000000d8780000, 0x0000000100000000)
  eden space 33280K, 75% used [0x00000000d5d00000,0x00000000d7599a08,0x00000000d7d80000)
  from space 5120K, 0% used [0x00000000d8280000,0x00000000d8280000,0x00000000d8780000)
  to   space 5120K, 0% used [0x00000000d7d80000,0x00000000d7d80000,0x00000000d8280000)
 ParOldGen       total 87552K, used 0K [0x0000000081600000, 0x0000000086b80000, 0x00000000d5d00000)
  object space 87552K, 0% used [0x0000000081600000,0x0000000081600000,0x0000000086b80000)
 Metaspace       used 5949K, capacity 6050K, committed 6144K, reserved 1060864K
  class space    used 683K, capacity 695K, committed 768K, reserved 1048576K
Event: 0.442 GC heap after
Heap after GC invocations=1 (full 0):
 PSYoungGen      total 38400K, used 3174K [0x00000000d5d00000, 0x00000000d8780000, 0x0000000100000000)
  eden space 33280K, 0% used [0x00000000d5d00000,0x00000000d5d00000,0x00000000d7d80000)
  from space 5120K, 62% used [0x00000000d7d80000,0x00000000d8099bd0,0x00000000d8280000)
  to   space 5120K, 0% used [0x00000000d8280000,0x00000000d8280000,0x00000000d8780000)
 ParOldGen       total 87552K, used 8K [0x0000000081600000, 0x0000000086b80000, 0x00000000d5d00000)
  object space 87552K, 0% used [0x0000000081600000,0x0000000081602000,0x0000000086b80000)
 Metaspace       used 5949K, capacity 6050K, committed 6144K, reserved 1060864K
  class space    used 683K, capacity 695K, committed 768K, reserved 1048576K
}
Event: 0.442 GC heap before
{Heap before GC invocations=2 (full 1):
 PSYoungGen      total 38400K, used 3174K [0x00000000d5d00000, 0x00000000d8780000, 0x0000000100000000)
  eden space 33280K, 0% used [0x00000000d5d00000,0x00000000d5d00000,0x00000000d7d80000)
  from space 5120K, 62% used [0x00000000d7d80000,0x00000000d8099bd0,0x00000000d8280000)
  to   space 5120K, 0% used [0x00000000d8280000,0x00000000d8280000,0x00000000d8780000)
 ParOldGen       total 87552K, used 8K [0x0000000081600000, 0x0000000086b80000, 0x00000000d5d00000)
  object space 87552K, 0% used [0x0000000081600000,0x0000000081602000,0x0000000086b80000)
 Metaspace       used 5949K, capacity 6050K, committed 6144K, reserved 1060864K
  class space    used 683K, capacity 695K, committed 768K, reserved 1048576K

Deoptimization events (4 events):
Event: 0.157 Thread 0x00000000029f5800 Uncommon trap: reason=unstable_if action=reinterpret pc=0x0000000002c006f8 method=java.lang.String.hashCode()I @ 14
Event: 0.252 Thread 0x00000000029f5800 Uncommon trap: reason=unstable_if action=reinterpret pc=0x0000000002c60094 method=java.lang.String.indexOf([CII[CIII)I @ 134
Event: 0.304 Thread 0x00000000029f5800 Uncommon trap: reason=unstable_if action=reinterpret pc=0x0000000002cbe6cc method=sun.misc.MetaIndex.mayContain(Ljava/lang/String;)Z @ 38
Event: 0.397 Thread 0x00000000029f5800 Uncommon trap: reason=unstable_if action=reinterpret pc=0x0000000002d13cf4 method=java.util.HashMap.getNode(ILjava/lang/Object;)Ljava/util/HashMap$Node; @ 62

Classes redefined (0 events):
No events

Internal exceptions (10 events):
Event: 0.422 Thread 0x00000000029f5800 Exception <a 'java/lang/ArrayIndexOutOfBoundsException'> (0x00000000d724b960) thrown at [C:\re\workspace\8-2-build-windows-amd64-cygwin\jdk8u201\12322\hotspot\src\share\vm\runtime\sharedRuntime.cpp, line 605]
Event: 0.422 Thread 0x00000000029f5800 Exception <a 'java/lang/ArrayIndexOutOfBoundsException'> (0x00000000d7260980) thrown at [C:\re\workspace\8-2-build-windows-amd64-cygwin\jdk8u201\12322\hotspot\src\share\vm\runtime\sharedRuntime.cpp, line 605]
Event: 0.423 Thread 0x00000000029f5800 Exception <a 'java/lang/ArrayIndexOutOfBoundsException'> (0x00000000d72753b0) thrown at [C:\re\workspace\8-2-build-windows-amd64-cygwin\jdk8u201\12322\hotspot\src\share\vm\runtime\sharedRuntime.cpp, line 605]
Event: 0.423 Thread 0x00000000029f5800 Exception <a 'java/lang/ArrayIndexOutOfBoundsException'> (0x00000000d7289e88) thrown at [C:\re\workspace\8-2-build-windows-amd64-cygwin\jdk8u201\12322\hotspot\src\share\vm\runtime\sharedRuntime.cpp, line 605]
Event: 0.424 Thread 0x00000000029f5800 Exception <a 'java/lang/ArrayIndexOutOfBoundsException'> (0x00000000d729e8b0) thrown at [C:\re\workspace\8-2-build-windows-amd64-cygwin\jdk8u201\12322\hotspot\src\share\vm\runtime\sharedRuntime.cpp, line 605]
Event: 0.424 Thread 0x00000000029f5800 Exception <a 'java/lang/ArrayIndexOutOfBoundsException'> (0x00000000d72b48a0) thrown at [C:\re\workspace\8-2-build-windows-amd64-cygwin\jdk8u201\12322\hotspot\src\share\vm\runtime\sharedRuntime.cpp, line 605]
Event: 0.425 Thread 0x00000000029f5800 Exception <a 'java/lang/ArrayIndexOutOfBoundsException'> (0x00000000d72cc068) thrown at [C:\re\workspace\8-2-build-windows-amd64-cygwin\jdk8u201\12322\hotspot\src\share\vm\runtime\sharedRuntime.cpp, line 605]
Event: 0.425 Thread 0x00000000029f5800 Exception <a 'java/lang/ArrayIndexOutOfBoundsException'> (0x00000000d72e3a00) thrown at [C:\re\workspace\8-2-build-windows-amd64-cygwin\jdk8u201\12322\hotspot\src\share\vm\runtime\sharedRuntime.cpp, line 605]
Event: 0.438 Thread 0x00000000029f5800 Exception <a 'java/lang/ArrayIndexOutOfBoundsException'> (0x00000000d74725b8) thrown at [C:\re\workspace\8-2-build-windows-amd64-cygwin\jdk8u201\12322\hotspot\src\share\vm\runtime\sharedRuntime.cpp, line 605]
Event: 0.438 Thread 0x00000000029f5800 Exception <a 'java/lang/ArrayIndexOutOfBoundsException'> (0x00000000d7486f10) thrown at [C:\re\workspace\8-2-build-windows-amd64-cygwin\jdk8u201\12322\hotspot\src\share\vm\runtime\sharedRuntime.cpp, line 605]

Events (10 events):
Event: 0.439 loading class java/time/temporal/Temporal
Event: 0.439 loading class java/time/temporal/TemporalAccessor
Event: 0.439 loading class java/time/temporal/TemporalAccessor done
Event: 0.439 loading class java/time/temporal/Temporal done
Event: 0.439 loading class java/time/chrono/ChronoZonedDateTime
Event: 0.439 loading class java/time/chrono/ChronoZonedDateTime done
Event: 0.439 loading class java/time/ZonedDateTime done
Event: 0.439 loading class org/springframework/core/convert/support/ObjectToObjectConverter
Event: 0.439 loading class org/springframework/core/convert/support/ObjectToObjectConverter done
Event: 0.439 Executing VM operation: CollectForMetadataAllocation


Dynamic libraries:
0x00007ff6da3a0000 - 0x00007ff6da3d7000 	G:\jdk1.8\bin\javaw.exe
0x00007ffd24870000 - 0x00007ffd24a51000 	C:\WINDOWS\SYSTEM32\ntdll.dll
0x00007ffd243c0000 - 0x00007ffd24471000 	C:\WINDOWS\System32\KERNEL32.DLL
0x00007ffd21590000 - 0x00007ffd21803000 	C:\WINDOWS\System32\KERNELBASE.dll
0x00007ffd24190000 - 0x00007ffd24231000 	C:\WINDOWS\System32\ADVAPI32.dll
0x00007ffd21ce0000 - 0x00007ffd21d7e000 	C:\WINDOWS\System32\msvcrt.dll
0x00007ffd24360000 - 0x00007ffd243bb000 	C:\WINDOWS\System32\sechost.dll
0x00007ffd23b50000 - 0x00007ffd23c74000 	C:\WINDOWS\System32\RPCRT4.dll
0x00007ffd21b50000 - 0x00007ffd21ce0000 	C:\WINDOWS\System32\USER32.dll
0x00007ffd21910000 - 0x00007ffd21930000 	C:\WINDOWS\System32\win32u.dll
0x00007ffd24160000 - 0x00007ffd24188000 	C:\WINDOWS\System32\GDI32.dll
0x00007ffd213f0000 - 0x00007ffd21581000 	C:\WINDOWS\System32\gdi32full.dll
0x00007ffd21930000 - 0x00007ffd219cf000 	C:\WINDOWS\System32\msvcp_win.dll
0x00007ffd21810000 - 0x00007ffd21908000 	C:\WINDOWS\System32\ucrtbase.dll
0x00007ffd0c620000 - 0x00007ffd0c889000 	C:\WINDOWS\WinSxS\amd64_microsoft.windows.common-controls_6595b64144ccf1df_6.0.17134.858_none_fb45a4913062a171\COMCTL32.dll
0x00007ffd23760000 - 0x00007ffd23a82000 	C:\WINDOWS\System32\combase.dll
0x00007ffd21ad0000 - 0x00007ffd21b4a000 	C:\WINDOWS\System32\bcryptPrimitives.dll
0x00007ffd23aa0000 - 0x00007ffd23acd000 	C:\WINDOWS\System32\IMM32.DLL
0x000000005e2c0000 - 0x000000005e391000 	G:\jdk1.8\jre\bin\msvcr100.dll
0x000000005da10000 - 0x000000005e2b4000 	G:\jdk1.8\jre\bin\server\jvm.dll
0x00007ffd219d0000 - 0x00007ffd219f3000 	C:\WINDOWS\System32\WINMM.dll
0x00007ffd20910000 - 0x00007ffd2093a000 	C:\WINDOWS\System32\WINMMBASE.dll
0x00007ffd213a0000 - 0x00007ffd213e9000 	C:\WINDOWS\System32\cfgmgr32.dll
0x00007ffd244e0000 - 0x00007ffd244e8000 	C:\WINDOWS\System32\PSAPI.DLL
0x00007ffd03ea0000 - 0x00007ffd03ea9000 	C:\WINDOWS\SYSTEM32\WSOCK32.dll
0x00007ffd23ae0000 - 0x00007ffd23b4c000 	C:\WINDOWS\System32\WS2_32.dll
0x00007ffd17ca0000 - 0x00007ffd17caa000 	C:\WINDOWS\SYSTEM32\VERSION.dll
0x00007ffd1d080000 - 0x00007ffd1d08f000 	G:\jdk1.8\jre\bin\verify.dll
0x00007ffcf8b50000 - 0x00007ffcf8b79000 	G:\jdk1.8\jre\bin\java.dll
0x00007ffcfae00000 - 0x00007ffcfae16000 	G:\jdk1.8\jre\bin\zip.dll
0x00007ffd22250000 - 0x00007ffd23690000 	C:\WINDOWS\System32\SHELL32.dll
0x00007ffd21d80000 - 0x00007ffd21e29000 	C:\WINDOWS\System32\shcore.dll
0x00007ffd20c90000 - 0x00007ffd2139d000 	C:\WINDOWS\System32\windows.storage.dll
0x00007ffd24670000 - 0x00007ffd246c1000 	C:\WINDOWS\System32\shlwapi.dll
0x00007ffd208f0000 - 0x00007ffd20901000 	C:\WINDOWS\System32\kernel.appcore.dll
0x00007ffd208d0000 - 0x00007ffd208ef000 	C:\WINDOWS\System32\profapi.dll
0x00007ffd20be0000 - 0x00007ffd20c2c000 	C:\WINDOWS\System32\powrprof.dll
0x00007ffd208a0000 - 0x00007ffd208aa000 	C:\WINDOWS\System32\FLTLIB.DLL

VM Arguments:
jvm_args: -Dfile.encoding=UTF-8 
java_command: com.itmayiedu.OrderFegin
java_class_path (initial): I:\1\1\0041-2期-SpringCloud架构知识-服务熔断、服务降级、限流策略\0041-蚂蚁课堂(每特学院)-2期-SpringCloud架构知识-服务熔断、服务降级、限流策略\代码\itmayiedu-order-fgin\target\classes;G:\repository\org\springframework\cloud\spring-cloud-starter-eureka\1.3.0.RC1\spring-cloud-starter-eureka-1.3.0.RC1.jar;G:\repository\org\springframework\cloud\spring-cloud-starter\1.2.0.RC1\spring-cloud-starter-1.2.0.RC1.jar;G:\repository\org\springframework\cloud\spring-cloud-context\1.2.0.RC1\spring-cloud-context-1.2.0.RC1.jar;G:\repository\org\springframework\security\spring-security-rsa\1.0.3.RELEASE\spring-security-rsa-1.0.3.RELEASE.jar;G:\repository\org\bouncycastle\bcpkix-jdk15on\1.55\bcpkix-jdk15on-1.55.jar;G:\repository\org\bouncycastle\bcprov-jdk15on\1.55\bcprov-jdk15on-1.55.jar;G:\repository\org\springframework\cloud\spring-cloud-netflix-core\1.3.0.RC1\spring-cloud-netflix-core-1.3.0.RC1.jar;G:\repository\org\springframework\boot\spring-boot\1.5.2.RELEASE\spring-boot-1.5.2.RELEASE.jar;G:\repository\org\springframework\boot\spring-boot-autoconfigure\1.5.2.RELEASE\spring-boot-autoconfigure-1.5.2.RELEASE.jar;G:\repository\org\springframework\cloud\spring-cloud-netflix-eureka-client\1.3.0.RC1\spring-cloud-netflix-eureka-client-1.3.0.RC1.jar;G:\repository\com\netflix\eureka\eureka-client\1.6.1\eureka-client-1.6.1.jar;G:\repository\org\codehaus\jettison\jettison\1.3.7\jettison-1.3.7.jar;G:\repository\stax\stax-api\1.0.1\stax-api-1.0.1.jar;G:\repository\com\netflix\netflix-commons\netflix-eventbus\0.3.0\netflix-eventbus-0.3.0.jar;G:\repository\com\netflix\netflix-commons\netflix-infix\0.3.0\netflix-infix-0.3.0.jar;G:\repository\commons-jxpath\commons-jxpath\1.3\commons-jxpath-1.3.jar;G:\repository\joda-time\joda-time\2.9.7\joda-time-2.9.7.jar;G:\repository\org\antlr\antlr-runtime\3.4\antlr-runtime-3.4.jar;G:\repository\org\antlr\stringtemplate\3.2.1\stringtemplate-3.2.1.jar;G:\repository\antlr\antlr\2.7.7\antlr-2.7.7.jar;G:\repository\com\google\code\gs
Launcher Type: SUN_STANDARD

Environment Variables:
JAVA_HOME=G:\jdk1.8
PATH=G:/jdk1.8/1/bin/server;G:/jdk1.8/1/bin;G:/jdk1.8/1/lib/amd64;C:\Program Files (x86)\Common Files\Oracle\Java\javapath;C:\Program Files (x86)\Intel\iCLS Client\;C:\Program Files\Intel\iCLS Client\;C:\Windows\system32;C:\Windows;C:\Windows\System32\Wbem;C:\Windows\System32\WindowsPowerShell\v1.0\;C:\Program Files (x86)\NVIDIA Corporation\PhysX\Common;C:\Program Files (x86)\Intel\Intel(R) Management Engine Components\DAL;C:\Program Files\Intel\Intel(R) Management Engine Components\DAL;C:\Program Files (x86)\Intel\Intel(R) Management Engine Components\IPT;C:\Program Files\Intel\Intel(R) Management Engine Components\IPT;C:\WINDOWS\system32;C:\WINDOWS;C:\WINDOWS\System32\Wbem;C:\WINDOWS\System32\WindowsPowerShell\v1.0\;C:\WINDOWS\System32\OpenSSH\;E:\Git\cmd;C:\Users\hxm\AppData\Local\Microsoft\WindowsApps;G:\jdk1.8\BIN\;G:\soft;G:\jdk1.8\bin;G:\apache-maven-3.3.9-bin\apache-maven-3.3.9\bin;;C:\Users\hxm\Desktop;
USERNAME=hxm
OS=Windows_NT
PROCESSOR_IDENTIFIER=Intel64 Family 6 Model 158 Stepping 10, GenuineIntel



---------------  S Y S T E M  ---------------

OS: Windows 10.0 , 64 bit Build 17134 (10.0.17134.753)

CPU:total 6 (initial active 6) (6 cores per cpu, 1 threads per core) family 6 model 158 stepping 10, cmov, cx8, fxsr, mmx, sse, sse2, sse3, ssse3, sse4.1, sse4.2, popcnt, avx, avx2, aes, clmul, erms, 3dnowpref, lzcnt, tsc, tscinvbit, bmi1, bmi2, adx

Memory: 4k page, physical 8298232k(984124k free), swap 14851828k(27612k free)

vm_info: Java HotSpot(TM) 64-Bit Server VM (25.201-b09) for windows-amd64 JRE (1.8.0_201-b09), built on Dec 15 2018 18:36:39 by "java_re" with MS VC++ 10.0 (VS2010)

time: Tue Jul 09 00:10:46 2019
timezone: 中国标准时间
elapsed time: 0 seconds (0d 0h 0m 0s)

